#
# There is insufficient memory for the Java Runtime Environment to continue.
# Native memory allocation (malloc) failed to allocate 32744 bytes for ChunkPool::allocate
# Possible reasons:
#   The system is out of physical RAM or swap space
#   The process is running with CompressedOops enabled, and the Java Heap may be blocking the growth of the native heap
# Possible solutions:
#   Reduce memory load on the system
#   Increase physical memory or swap space
#   Check if swap backing store is full
#   Decrease Java heap size (-Xmx/-Xms)
#   Decrease number of Java threads
#   Decrease Java thread stack sizes (-Xss)
#   Set larger code cache with -XX:ReservedCodeCacheSize=
#   JVM is running with Unscaled Compressed Oops mode in which the Java heap is
#     placed in the first 4GB address space. The Java Heap base address is the
#     maximum limit for the native heap growth. Please use -XX:HeapBaseMinAddress
#     to set the Java Heap base and to place the Java Heap above 4GB virtual address.
# This output file may be truncated or incomplete.
#
#  Out of Memory Error (allocation.cpp:272), pid=12896, tid=0x0000000000002d00
#
# JRE version: OpenJDK Runtime Environment (8.0_482-b08) (build 1.8.0_482-b08)
# Java VM: OpenJDK 64-Bit Server VM (25.482-b08 mixed mode windows-amd64 compressed oops)
# Failed to write core dump. Minidumps are not enabled by default on client versions of Windows
#

---------------  T H R E A D  ---------------

Current thread (0x0000004df4841000):  JavaThread "C1 CompilerThread1" daemon [_thread_in_native, id=11520, stack(0x0000004df5500000,0x0000004df5600000)]

Stack: [0x0000004df5500000,0x0000004df5600000]
[error occurred during error reporting (printing stack bounds), id 0xc0000005]

Native frames: (J=compiled Java code, j=interpreted, Vv=VM code, C=native code)


Current CompileTask:
C1:  14226 1457   !   3      
[error occurred during error reporting (printing current compile task), id 0xe0000001]


---------------  P R O C E S S  ---------------

Java Threads: ( => current thread )
  0x0000004dfa184000 JavaThread "Image Fetcher 1" daemon [_thread_blocked, id=6208, stack(0x0000004dfbd70000,0x0000004dfbe70000)]
  0x0000004dfa182000 JavaThread "Image Fetcher 0" daemon [_thread_blocked, id=13032, stack(0x0000004dfbc70000,0x0000004dfbd70000)]
  0x0000004dfa184800 JavaThread "Thread-3" daemon [_thread_in_native, id=5012, stack(0x0000004dfb970000,0x0000004dfba70000)]
  0x0000004dfa245000 JavaThread "Thread-2" daemon [_thread_in_native, id=11596, stack(0x0000004dfb870000,0x0000004dfb970000)]
  0x0000004df58db000 JavaThread "TimerQueue" daemon [_thread_blocked, id=12956, stack(0x0000004df9fa0000,0x0000004dfa0a0000)]
  0x0000004df6b79800 JavaThread "D3D Screen Updater" daemon [_thread_blocked, id=13052, stack(0x0000004df9510000,0x0000004df9610000)]
  0x0000004def9ce000 JavaThread "DestroyJavaVM" [_thread_blocked, id=10792, stack(0x0000004defaa0000,0x0000004defba0000)]
  0x0000004df6ac5800 JavaThread "AWT-EventQueue-0" [_thread_in_vm, id=13288, stack(0x0000004df87d0000,0x0000004df88d0000)]
  0x0000004df6ac5000 JavaThread "AWT-Shutdown" [_thread_blocked, id=4100, stack(0x0000004df62c0000,0x0000004df63c0000)]
  0x0000004df6878000 JavaThread "mysql-cj-abandoned-connection-cleanup" daemon [_thread_blocked, id=7940, stack(0x0000004df8900000,0x0000004df8a00000)]
  0x0000004df5a9b000 JavaThread "AWT-Windows" daemon [_thread_in_native, id=11756, stack(0x0000004df63c0000,0x0000004df64c0000)]
  0x0000004df5aa1800 JavaThread "Java2D Disposer" daemon [_thread_blocked, id=3356, stack(0x0000004df61c0000,0x0000004df62c0000)]
  0x0000004df4843000 JavaThread "Service Thread" daemon [_thread_blocked, id=12388, stack(0x0000004df5600000,0x0000004df5700000)]
=>0x0000004df4841000 JavaThread "C1 CompilerThread1" daemon [_thread_in_native, id=11520, stack(0x0000004df5500000,0x0000004df5600000)]
  0x0000004df47e2000 JavaThread "C2 CompilerThread0" daemon [_thread_in_native, id=2248, stack(0x0000004df5400000,0x0000004df5500000)]
  0x0000004df47e7800 JavaThread "Attach Listener" daemon [_thread_blocked, id=12980, stack(0x0000004df5300000,0x0000004df5400000)]
  0x0000004df47e6800 JavaThread "Signal Dispatcher" daemon [_thread_blocked, id=11660, stack(0x0000004df5200000,0x0000004df5300000)]
  0x0000004df47c1000 JavaThread "Finalizer" daemon [_thread_blocked, id=8100, stack(0x0000004df4f90000,0x0000004df5090000)]
  0x0000004df47b9800 JavaThread "Reference Handler" daemon [_thread_blocked, id=10928, stack(0x0000004df4e90000,0x0000004df4f90000)]

Other Threads:
  0x0000004df41fc800 VMThread [stack: 0x0000004df4d90000,0x0000004df4e90000] [id=12872]
  0x0000004df4846000 WatcherThread [stack: 0x0000004df5700000,0x0000004df5800000] [id=9796]

VM state:not at safepoint (normal execution)

VM Mutex/Monitor currently owned by a thread: None

heap address: 0x00000000c9000000, size: 880 MB, Compressed Oops mode: 32-bit
Narrow klass base: 0x0000000000000000, Narrow klass shift: 3
Compressed class space size: 1073741824 Address: 0x0000000100000000

Heap:
 PSYoungGen      total 16896K, used 6851K [0x00000000edb00000, 0x00000000eed80000, 0x0000000100000000)
  eden space 14848K, 32% used [0x00000000edb00000,0x00000000edfb4bd8,0x00000000ee980000)
  from space 2048K, 99% used [0x00000000ee980000,0x00000000eeb7c050,0x00000000eeb80000)
  to   space 2048K, 0% used [0x00000000eeb80000,0x00000000eeb80000,0x00000000eed80000)
 ParOldGen       total 38400K, used 2924K [0x00000000c9000000, 0x00000000cb580000, 0x00000000edb00000)
  object space 38400K, 7% used [0x00000000c9000000,0x00000000c92db1e0,0x00000000cb580000)
 Metaspace       used 18323K, capacity 18662K, committed 18944K, reserved 1064960K
  class space    used 2340K, capacity 2433K, committed 2560K, reserved 1048576K

Card table byte_map: [0x0000004df16d0000,0x0000004df1890000] byte_map_base: 0x0000004df1088000

Marking Bits: (ParMarkBitMap*) 0x000000006c6cf940
 Begin Bits: [0x0000004df1bc0000, 0x0000004df2980000)
 End Bits:   [0x0000004df2980000, 0x0000004df3740000)

Polling page: 0x0000004def970000

CodeCache: size=245760Kb used=4759Kb max_used=4759Kb free=241000Kb
 bounds [0x0000004d80000000, 0x0000004d804b0000, 0x0000004d8f000000]
 total_blobs=2005 nmethods=1404 adapters=514
 compilation: enabled

Compilation events (10 events):
Event: 14.128 Thread 0x0000004df4841000 1453       1       javax.swing.AbstractButton::getIcon (5 bytes)
Event: 14.128 Thread 0x0000004df4841000 nmethod 1453 0x0000004d804a50d0 code [0x0000004d804a5220, 0x0000004d804a5338]
Event: 14.128 Thread 0x0000004df4841000 1452       1       sun.java2d.d3d.D3DSurfaceData::getType (5 bytes)
Event: 14.128 Thread 0x0000004df4841000 nmethod 1452 0x0000004d804a5390 code [0x0000004d804a54e0, 0x0000004d804a55f8]
Event: 14.129 Thread 0x0000004df4841000 1455       3       sun.java2d.pipe.BufferedPaints::setPaint (125 bytes)
Event: 14.132 Thread 0x0000004df4841000 nmethod 1455 0x0000004d804a5650 code [0x0000004d804a5880, 0x0000004d804a6650]
Event: 14.138 Thread 0x0000004df4841000 1456   !   3       java.awt.Component::validate (105 bytes)
Event: 14.141 Thread 0x0000004df4841000 nmethod 1456 0x0000004d804a6b90 code [0x0000004d804a6d80, 0x0000004d804a7ab0]
Event: 14.141 Thread 0x0000004df4841000 1457   !   3       java.awt.DefaultKeyboardFocusManager::dispatchEvent (1645 bytes)
Event: 14.181 Thread 0x0000004df47e2000 1467       4       java.util.HashMap::putVal (300 bytes)

GC Heap History (2 events):
Event: 4.957 GC heap before
{Heap before GC invocations=1 (full 0):
 PSYoungGen      total 16896K, used 14848K [0x00000000edb00000, 0x00000000eed80000, 0x0000000100000000)
  eden space 14848K, 100% used [0x00000000edb00000,0x00000000ee980000,0x00000000ee980000)
  from space 2048K, 0% used [0x00000000eeb80000,0x00000000eeb80000,0x00000000eed80000)
  to   space 2048K, 0% used [0x00000000ee980000,0x00000000ee980000,0x00000000eeb80000)
 ParOldGen       total 38400K, used 0K [0x00000000c9000000, 0x00000000cb580000, 0x00000000edb00000)
  object space 38400K, 0% used [0x00000000c9000000,0x00000000c9000000,0x00000000cb580000)
 Metaspace       used 12970K, capacity 13190K, committed 13440K, reserved 1060864K
  class space    used 1518K, capacity 1617K, committed 1664K, reserved 1048576K
Event: 4.974 GC heap after
Heap after GC invocations=1 (full 0):
 PSYoungGen      total 16896K, used 2032K [0x00000000edb00000, 0x00000000eed80000, 0x0000000100000000)
  eden space 14848K, 0% used [0x00000000edb00000,0x00000000edb00000,0x00000000ee980000)
  from space 2048K, 99% used [0x00000000ee980000,0x00000000eeb7c050,0x00000000eeb80000)
  to   space 2048K, 0% used [0x00000000eeb80000,0x00000000eeb80000,0x00000000eed80000)
 ParOldGen       total 38400K, used 2924K [0x00000000c9000000, 0x00000000cb580000, 0x00000000edb00000)
  object space 38400K, 7% used [0x00000000c9000000,0x00000000c92db1e0,0x00000000cb580000)
 Metaspace       used 12970K, capacity 13190K, committed 13440K, reserved 1060864K
  class space    used 1518K, capacity 1617K, committed 1664K, reserved 1048576K
}

Deoptimization events (10 events):
Event: 13.649 Thread 0x0000004df6ac5800 Uncommon trap: reason=unstable_if action=reinterpret pc=0x0000004d802db230 method=java.util.HashMap.getNode(ILjava/lang/Object;)Ljava/util/HashMap$Node; @ 62
Event: 13.649 Thread 0x0000004df6ac5800 Uncommon trap: reason=bimorphic action=maybe_recompile pc=0x0000004d803062b8 method=java.util.HashMap.putVal(ILjava/lang/Object;Ljava/lang/Object;ZZ)Ljava/lang/Object; @ 91
Event: 13.650 Thread 0x0000004df6ac5800 Uncommon trap: reason=unstable_if action=reinterpret pc=0x0000004d802accf8 method=java.util.HashMap.getNode(ILjava/lang/Object;)Ljava/util/HashMap$Node; @ 62
Event: 13.650 Thread 0x0000004df6ac5800 Uncommon trap: reason=bimorphic action=maybe_recompile pc=0x0000004d803062b8 method=java.util.HashMap.putVal(ILjava/lang/Object;Ljava/lang/Object;ZZ)Ljava/lang/Object; @ 91
Event: 13.650 Thread 0x0000004df6ac5800 Uncommon trap: reason=bimorphic action=maybe_recompile pc=0x0000004d803062b8 method=java.util.HashMap.putVal(ILjava/lang/Object;Ljava/lang/Object;ZZ)Ljava/lang/Object; @ 91
Event: 13.650 Thread 0x0000004df6ac5800 Uncommon trap: reason=bimorphic action=maybe_recompile pc=0x0000004d803062b8 method=java.util.HashMap.putVal(ILjava/lang/Object;Ljava/lang/Object;ZZ)Ljava/lang/Object; @ 91
Event: 13.799 Thread 0x0000004df6ac5800 Uncommon trap: reason=class_check action=maybe_recompile pc=0x0000004d801a6324 method=java.lang.String.equals(Ljava/lang/Object;)Z @ 8
Event: 13.808 Thread 0x0000004df6ac5800 Uncommon trap: reason=class_check action=maybe_recompile pc=0x0000004d801a6324 method=java.lang.String.equals(Ljava/lang/Object;)Z @ 8
Event: 13.813 Thread 0x0000004df6ac5800 Uncommon trap: reason=class_check action=maybe_recompile pc=0x0000004d801a6324 method=java.lang.String.equals(Ljava/lang/Object;)Z @ 8
Event: 13.816 Thread 0x0000004df6ac5800 Uncommon trap: reason=class_check action=maybe_recompile pc=0x0000004d801a6324 method=java.lang.String.equals(Ljava/lang/Object;)Z @ 8

Classes redefined (0 events):
No events

Internal exceptions (10 events):
Event: 0.861 Thread 0x0000004def9ce000 Exception <a 'java/security/PrivilegedActionException'> (0x00000000edbe1730) thrown at [C:\workspace\openjdk-build\workspace\build\src\hotspot\src\share\vm\prims\jvm.cpp, line 1514]
Event: 0.861 Thread 0x0000004def9ce000 Exception <a 'java/security/PrivilegedActionException'> (0x00000000edbe1940) thrown at [C:\workspace\openjdk-build\workspace\build\src\hotspot\src\share\vm\prims\jvm.cpp, line 1514]
Event: 0.865 Thread 0x0000004def9ce000 Exception <a 'java/security/PrivilegedActionException'> (0x00000000edbe5440) thrown at [C:\workspace\openjdk-build\workspace\build\src\hotspot\src\share\vm\prims\jvm.cpp, line 1514]
Event: 0.865 Thread 0x0000004def9ce000 Exception <a 'java/security/PrivilegedActionException'> (0x00000000edbe5650) thrown at [C:\workspace\openjdk-build\workspace\build\src\hotspot\src\share\vm\prims\jvm.cpp, line 1514]
Event: 0.946 Thread 0x0000004def9ce000 Exception <a 'java/io/FileNotFoundException'> (0x00000000edbe7590) thrown at [C:\workspace\openjdk-build\workspace\build\src\hotspot\src\share\vm\prims\jni.cpp, line 712]
Event: 1.206 Thread 0x0000004def9ce000 Exception <a 'java/lang/NoSuchFieldError': method resolution failed> (0x00000000edcb8f70) thrown at [C:\workspace\openjdk-build\workspace\build\src\hotspot\src\share\vm\prims\methodHandles.cpp, line 1194]
Event: 1.248 Thread 0x0000004def9ce000 Exception <a 'java/lang/NoSuchFieldError': method resolution failed> (0x00000000edcc63a8) thrown at [C:\workspace\openjdk-build\workspace\build\src\hotspot\src\share\vm\prims\methodHandles.cpp, line 1194]
Event: 1.464 Thread 0x0000004def9ce000 Exception <a 'java/lang/ClassNotFoundException': sun/dc/DuctusRenderingEngine> (0x00000000edd5bbb8) thrown at [C:\workspace\openjdk-build\workspace\build\src\hotspot\src\share\vm\classfile\systemDictionary.cpp, line 217]
Event: 1.510 Thread 0x0000004def9ce000 Exception <a 'java/io/FileNotFoundException'> (0x00000000edd6d718) thrown at [C:\workspace\openjdk-build\workspace\build\src\hotspot\src\share\vm\prims\jni.cpp, line 712]
Event: 1.952 Thread 0x0000004def9ce000 Implicit null exception at 0x0000004d8018e79b to 0x0000004d8018e865

Events (10 events):
Event: 14.087 loading class sun/java2d/loops/ProcessPath$Point
Event: 14.087 loading class sun/java2d/loops/ProcessPath$Point done
Event: 14.088 loading class sun/java2d/loops/ProcessPath$ActiveEdgeList
Event: 14.088 loading class sun/java2d/loops/ProcessPath$ActiveEdgeList done
Event: 14.088 loading class sun/java2d/loops/ProcessPath$Edge
Event: 14.088 loading class sun/java2d/loops/ProcessPath$Edge done
Event: 14.136 Executing VM operation: RevokeBias
Event: 14.137 Executing VM operation: RevokeBias done
Event: 14.139 loading class javax/swing/event/AncestorEvent
Event: 14.143 loading class javax/swing/event/AncestorEvent done


Dynamic libraries:
0x00007ff76f130000 - 0x00007ff76f17d000 	C:\Program Files\Java\jdk1.8\bin\java.exe
0x00007ffc3cb30000 - 0x00007ffc3ccdc000 	C:\Windows\SYSTEM32\ntdll.dll
0x00007ffc3c080000 - 0x00007ffc3c1be000 	C:\Windows\system32\KERNEL32.DLL
0x00007ffc3a090000 - 0x00007ffc3a1a5000 	C:\Windows\system32\KERNELBASE.dll
0x00007ffc3ca80000 - 0x00007ffc3cb2a000 	C:\Windows\system32\ADVAPI32.dll
0x00007ffc3a490000 - 0x00007ffc3a607000 	C:\Windows\system32\USER32.dll
0x00007ffc37a10000 - 0x00007ffc37c8b000 	C:\Windows\WinSxS\amd64_microsoft.windows.common-controls_6595b64144ccf1df_6.0.9600.17415_none_6240486fecbd8abb\COMCTL32.dll
0x00007ffc3a1d0000 - 0x00007ffc3a27a000 	C:\Windows\system32\msvcrt.dll
0x00007ffc3bcd0000 - 0x00007ffc3bd29000 	C:\Windows\SYSTEM32\sechost.dll
0x00007ffc3a340000 - 0x00007ffc3a481000 	C:\Windows\system32\RPCRT4.dll
0x00007ffc3c920000 - 0x00007ffc3ca71000 	C:\Windows\system32\GDI32.dll
0x00007ffc3c040000 - 0x00007ffc3c076000 	C:\Windows\system32\IMM32.DLL
0x00007ffc3bee0000 - 0x00007ffc3c033000 	C:\Windows\system32\MSCTF.dll
0x00007ffc37c90000 - 0x00007ffc37cae000 	C:\Program Files\Java\jdk1.8\jre\bin\vcruntime140.dll
0x00007ffc370e0000 - 0x00007ffc370e5000 	C:\Program Files\Java\jdk1.8\bin\api-ms-win-crt-runtime-l1-1-0.dll
0x00007ffc370d0000 - 0x00007ffc370d4000 	C:\Program Files\Java\jdk1.8\bin\api-ms-win-crt-heap-l1-1-0.dll
0x00007ffc35940000 - 0x00007ffc35945000 	C:\Program Files\Java\jdk1.8\bin\api-ms-win-crt-string-l1-1-0.dll
0x00007ffc30500000 - 0x00007ffc30505000 	C:\Program Files\Java\jdk1.8\bin\api-ms-win-crt-stdio-l1-1-0.dll
0x00007ffc304f0000 - 0x00007ffc304f5000 	C:\Program Files\Java\jdk1.8\bin\api-ms-win-crt-convert-l1-1-0.dll
0x00007ffc15480000 - 0x00007ffc155cb000 	C:\Program Files\Java\jdk1.8\bin\ucrtbase.DLL
0x00007ffc2dae0000 - 0x00007ffc2daec000 	C:\Program Files\Java\jdk1.8\jre\bin\vcruntime140_1.dll
0x00007ffc19e90000 - 0x00007ffc19f1d000 	C:\Program Files\Java\jdk1.8\jre\bin\msvcp140.dll
0x00007ffc304e0000 - 0x00007ffc304e4000 	C:\Program Files\Java\jdk1.8\bin\api-ms-win-crt-locale-l1-1-0.dll
0x00007ffc304d0000 - 0x00007ffc304d4000 	C:\Program Files\Java\jdk1.8\bin\api-ms-win-crt-filesystem-l1-1-0.dll
0x00007ffc304c0000 - 0x00007ffc304c4000 	C:\Program Files\Java\jdk1.8\bin\api-ms-win-crt-time-l1-1-0.dll
0x00007ffc304b0000 - 0x00007ffc304b4000 	C:\Program Files\Java\jdk1.8\bin\api-ms-win-crt-environment-l1-1-0.dll
0x00007ffc304a0000 - 0x00007ffc304a6000 	C:\Program Files\Java\jdk1.8\bin\api-ms-win-crt-math-l1-1-0.dll
0x00007ffc2dc10000 - 0x00007ffc2dc14000 	C:\Program Files\Java\jdk1.8\bin\api-ms-win-crt-utility-l1-1-0.dll
0x000000006beb0000 - 0x000000006c749000 	C:\Program Files\Java\jdk1.8\jre\bin\server\jvm.dll
0x00007ffc2f3f0000 - 0x00007ffc2f3f9000 	C:\Windows\SYSTEM32\WSOCK32.dll
0x00007ffc30350000 - 0x00007ffc30372000 	C:\Windows\SYSTEM32\WINMM.dll
0x00007ffc374a0000 - 0x00007ffc374aa000 	C:\Windows\SYSTEM32\VERSION.dll
0x00007ffc3bd30000 - 0x00007ffc3bd37000 	C:\Windows\system32\PSAPI.DLL
0x00007ffc3a610000 - 0x00007ffc3a66a000 	C:\Windows\system32\WS2_32.dll
0x00007ffc30320000 - 0x00007ffc3034a000 	C:\Windows\SYSTEM32\WINMMBASE.dll
0x00007ffc3c8b0000 - 0x00007ffc3c8b9000 	C:\Windows\system32\NSI.dll
0x00007ffc39f90000 - 0x00007ffc39fdf000 	C:\Windows\SYSTEM32\cfgmgr32.dll
0x00007ffc38aa0000 - 0x00007ffc38ac8000 	C:\Windows\SYSTEM32\DEVOBJ.dll
0x00007ffc2bd20000 - 0x00007ffc2bd30000 	C:\Program Files\Java\jdk1.8\jre\bin\verify.dll
0x00007ffc25dc0000 - 0x00007ffc25deb000 	C:\Program Files\Java\jdk1.8\jre\bin\java.dll
0x00007ffc25a80000 - 0x00007ffc25a98000 	C:\Program Files\Java\jdk1.8\jre\bin\zip.dll
0x00007ffc3a670000 - 0x00007ffc3bb89000 	C:\Windows\system32\SHELL32.dll
0x00007ffc3c280000 - 0x00007ffc3c491000 	C:\Windows\SYSTEM32\combase.dll
0x00007ffc3bc70000 - 0x00007ffc3bcc4000 	C:\Windows\system32\SHLWAPI.dll
0x00007ffc38250000 - 0x00007ffc38302000 	C:\Windows\SYSTEM32\SHCORE.dll
0x00007ffc39c80000 - 0x00007ffc39c95000 	C:\Windows\SYSTEM32\profapi.dll
0x00007ffc14f00000 - 0x00007ffc1507d000 	C:\Program Files\Java\jdk1.8\jre\bin\awt.dll
0x00007ffc3bba0000 - 0x00007ffc3bc61000 	C:\Windows\system32\OLEAUT32.dll
0x00007ffc38820000 - 0x00007ffc388ae000 	C:\Windows\system32\apphelp.dll
0x00007ffc37ff0000 - 0x00007ffc38011000 	C:\Windows\system32\DWMAPI.DLL
0x00007ffc388f0000 - 0x00007ffc38a19000 	C:\Windows\system32\uxtheme.dll
0x00007ffc2e9c0000 - 0x00007ffc2eaeb000 	C:\Windows\system32\opengl32.dll
0x00007ffc35f10000 - 0x00007ffc35f3e000 	C:\Windows\SYSTEM32\GLU32.dll
0x00007ffc2e430000 - 0x00007ffc2e528000 	C:\Windows\SYSTEM32\DDRAW.dll
0x00007ffc36d20000 - 0x00007ffc36d29000 	C:\Windows\SYSTEM32\DCIMAN32.dll
0x00007ffc3bd40000 - 0x00007ffc3bed4000 	C:\Windows\system32\ole32.dll
0x00007ffc38a70000 - 0x00007ffc38a7b000 	C:\Windows\SYSTEM32\kernel.appcore.dll
0x00007ffc39b50000 - 0x00007ffc39b5b000 	C:\Windows\SYSTEM32\CRYPTBASE.dll
0x00007ffc39ae0000 - 0x00007ffc39b43000 	C:\Windows\SYSTEM32\bcryptPrimitives.dll
0x00007ffc16e30000 - 0x00007ffc17051000 	C:\Windows\system32\d3d9.dll
0x00007ffc374b0000 - 0x00007ffc375f3000 	C:\Windows\SYSTEM32\aticfx64.dll
0x00007ffc1b950000 - 0x00007ffc1b970000 	C:\Windows\SYSTEM32\atiu9p64.dll
0x00007ffc15d10000 - 0x00007ffc16477000 	C:\Windows\SYSTEM32\atiumd64.dll
0x000000006d350000 - 0x000000006dc57000 	C:\Windows\SYSTEM32\atiumd6a.dll
0x00007ffc1a0b0000 - 0x00007ffc1a0cc000 	C:\Program Files\Java\jdk1.8\jre\bin\net.dll
0x00007ffc39460000 - 0x00007ffc394b9000 	C:\Windows\system32\mswsock.dll
0x00007ffc392d0000 - 0x00007ffc39374000 	C:\Windows\SYSTEM32\DNSAPI.dll
0x00007ffc32970000 - 0x00007ffc3297a000 	C:\Windows\System32\rasadhlp.dll
0x00007ffc34dd0000 - 0x00007ffc34e3b000 	C:\Windows\System32\fwpuclnt.dll
0x00007ffc177e0000 - 0x00007ffc17866000 	C:\Program Files\Java\jdk1.8\jre\bin\freetype.dll
0x00007ffc1a000000 - 0x00007ffc1a050000 	C:\Program Files\Java\jdk1.8\jre\bin\fontmanager.dll
0x00007ffc1a090000 - 0x00007ffc1a0a3000 	C:\Program Files\Java\jdk1.8\jre\bin\nio.dll
0x00007ffc3a280000 - 0x00007ffc3a336000 	C:\Windows\SYSTEM32\clbcatq.dll
0x00007ffc3c1c0000 - 0x00007ffc3c276000 	C:\Windows\system32\COMDLG32.dll
0x00007ffc2ba70000 - 0x00007ffc2baf2000 	C:\Windows\SYSTEM32\WINSPOOL.DRV
0x00007ffc2e2a0000 - 0x00007ffc2e2c8000 	C:\Windows\system32\spool\DRIVERS\x64\3\FXSUI.DLL
0x00007ffc36ad0000 - 0x00007ffc36ae6000 	C:\Windows\SYSTEM32\NETAPI32.dll
0x00007ffc2dba0000 - 0x00007ffc2dbc8000 	C:\Windows\system32\spool\DRIVERS\x64\3\FXSWZRD.dll
0x00007ffc38fb0000 - 0x00007ffc38fbc000 	C:\Windows\SYSTEM32\netutils.dll
0x00007ffc398c0000 - 0x00007ffc398e6000 	C:\Windows\SYSTEM32\srvcli.dll
0x00007ffc35880000 - 0x00007ffc35897000 	C:\Windows\SYSTEM32\wkscli.dll
0x00007ffc2cf70000 - 0x00007ffc2cfaf000 	C:\Windows\SYSTEM32\TAPI32.dll
0x00007ffc2cf00000 - 0x00007ffc2cf69000 	C:\Windows\system32\spool\DRIVERS\x64\3\FXSTIFF.dll
0x00007ffbfbfd0000 - 0x00007ffbfc66c000 	C:\Windows\system32\spool\DRIVERS\x64\3\FXSRES.DLL
0x00007ffc2cdb0000 - 0x00007ffc2cdfb000 	C:\Windows\system32\spool\DRIVERS\x64\3\FXSAPI.DLL
0x00007ffc33d00000 - 0x00007ffc33d0c000 	C:\Windows\system32\spool\DRIVERS\x64\3\FXSDRV.DLL
0x00007ffc35c20000 - 0x00007ffc35dce000 	C:\Windows\SYSTEM32\WindowsCodecs.dll
0x00007ffc39550000 - 0x00007ffc39570000 	C:\Windows\SYSTEM32\CRYPTSP.dll
0x00007ffc39110000 - 0x00007ffc39146000 	C:\Windows\system32\rsaenh.dll
0x00007ffc397a0000 - 0x00007ffc397c6000 	C:\Windows\SYSTEM32\bcrypt.dll

VM Arguments:
jvm_args: -Dfile.encoding=UTF-8 
java_command: employee.management.system.ViewEmployee
java_class_path (initial): C:\Users\Anshika\Downloads;C:\Users\Anshika\Downloads\mysql-connector-java-8.0.28.jar;C:\Users\Anshika\Downloads\jcalendar-tz-1.3.3-4.jar;C:\Users\Anshika\Downloads\rs2xml.jar;C:\Users\Anshika\Documents\NetBeansProjects\Employee Management System\build\classes
Launcher Type: SUN_STANDARD

Environment Variables:
JAVA_HOME=C:\Program Files\Java
PATH=C:\Program Files\Java\jdk-20\bin;C:\Program Files\MySQL\MySQL Shell 8.0\bin\;C:\Users\Anshika\Desktop\Tools\WinNT;C:\Users\Anshika\Desktop\MSDev98\Bin;C:\Users\Anshika\Desktop\Tools;C:\Users\Anshika\VC98\bin;;C:\Users\Anshika\AppData\Local\Programs\Microsoft VS Code\bin;C:\Users\Anshika\AppData\Roaming\npm
USERNAME=Anshika
OS=Windows_NT
PROCESSOR_IDENTIFIER=AMD64 Family 22 Model 48 Stepping 1, AuthenticAMD



---------------  S Y S T E M  ---------------

OS: Windows 8.1 , 64 bit Build 9600 (6.3.9600.17415)

CPU:total 2 (initial active 2) (2 cores per cpu, 1 threads per core) family 22 model 48 stepping 1, cmov, cx8, fxsr, mmx, sse, sse2, sse3, ssse3, sse4.1, sse4.2, popcnt, avx, aes, clmul, mmxext, 3dnowpref, lzcnt, sse4a, tsc, tscinvbit, tscinv, bmi1

Memory: 4k page, physical 3596604k(530928k free), swap 14606652k(5120k free)

vm_info: OpenJDK 64-Bit Server VM (25.482-b08) for windows-amd64 JRE (1.8.0_482-b08), built on Jan 21 2026 06:10:28 by "ContainerUser" with unknown MS VC++:1937

time: Mon Feb 16 12:15:48 2026
timezone: India Standard Time
elapsed time: 14.246011 seconds (0d 0h 0m 14s)

